
================================================================
======== FXServer Starting - 22/01/2024, 14:51:14               
================================================================
[           resources] Scanning resources.
[           resources] Found 138 resources.
[          svadhesive] Authenticating server license key...
[          svadhesive] Server license key authentication succeeded. Welcome!
[    c-scripting-core] Creating script environments for sessionmanager
[           resources] [0mStarted resource sessionmanager
[    c-scripting-core] Creating script environments for monitor
[      script:monitor] [txAdmin] Resource v7.0.0 threads and commands set up. All Ready.
[           resources] Started resource monitor
[    c-scripting-core] Creating script environments for mapmanager
[           resources] Started resource mapmanager
[    c-scripting-core] Creating script environments for 2na_core
[           resources] Started resource 2na_core
[    c-scripting-core] [0mCreating script environments for 2na_chat
[  resources:2na_chat] Warning: could not find shared_script `Common/*.lua` (defined in fxmanifest.lua:16)
[           resources] Started resource 2na_chat (1 warning)
[           resources] Started resource spawnmanager
[   script:mapmanager] Started gametype Freeroam
[           resources] Started resource basic-gamemode
[    c-scripting-core] Creating script environments for hardcap
[           resources] Started resource hardcap
[    c-scripting-core] Creating script environments for baseevents
[           resources] Started resource baseevents
[    c-scripting-core] [0mCreating script environments for oxmysql
[           resources] Started resource oxmysql
[    c-scripting-core] Creating script environments for qb-core
[      script:qb-core] Warning: Missing phrase for key: "command.dvall.help"
[      script:qb-core] Warning: Missing phrase for key: "command.dvp.help"
[      script:qb-core] Warning: Missing phrase for key: "command.dvo.help"
[           resources] [0mStarted resource qb-core
[           resources] [0mStarted resource menuv
[    c-scripting-core] Creating script environments for qb-adminmenu
[           resources] Started resource qb-adminmenu
[    c-scripting-core] Creating script environments for qb-ambulancejob
[           resources] Started resource qb-ambulancejob
[           resources] Started resource qb-interior
[    c-scripting-core] [93mCreating script environments for qb-clothing
[           resources] [0mStarted resource qb-clothing
[    c-scripting-core] Creating script environments for qb-weathersync
[           resources] Started resource qb-weathersync
[    c-scripting-core] Creating script environments for qb-apartments
[           resources] [0mStarted resource qb-apartments
[    c-scripting-core] [93mCreating script environments for qb-banking
[           resources] Started resource qb-banking
[    c-scripting-core] Creating script environments for PolyZone
[           resources] Started resource PolyZone
[    c-scripting-core] Creating script environments for qb-bankrobbery
[           resources] Started resource qb-bankrobbery
[    c-scripting-core] Creating script environments for qb-busjob
[           resources] Started resource qb-busjob
[    c-scripting-core] Creating script environments for qb-cityhall
[           resources] Started resource qb-cityhall
[           resources] Started resource mhacking
[    c-scripting-core] Creating script environments for qb-crypto
[           resources] Started resource qb-crypto
[    c-scripting-core] Creating script environments for qb-diving
[           resources] [0mStarted resource qb-diving
[    c-scripting-core] Creating script environments for qb-doorlock
[           resources] [93mStarted resource qb-doorlock
[    c-scripting-core] Creating script environments for qb-drugs
[           resources] Started resource qb-drugs
[    c-scripting-core] Creating script environments for qb-fitbit
[           resources] Started resource qb-fitbit
[    c-scripting-core] Creating script environments for qb-garages
[           resources] Started resource qb-garages
[    c-scripting-core] Creating script environments for qb-garbagejob
[           resources] Started resource qb-garbagejob
[    c-scripting-core] Creating script environments for qb-hotdogjob
[           resources] Started resource qb-hotdogjob
[           resources] Started resource qb-lockpick
[           resources] Started resource qb-skillbar
[    c-scripting-core] [0mCreating script environments for qb-houserobbery
[           resources] Started resource qb-houserobbery
[    c-scripting-core] [93mCreating script environments for qb-houses
[           resources] Started resource qb-houses
[           resources] Started resource qb-input
[    c-scripting-core] Creating script environments for qb-weapons
[           resources] Started resource qb-weapons
[    c-scripting-core] Creating script environments for qb-inventory
[           resources] Started resource qb-inventory
[    c-scripting-core] Creating script environments for qb-jewelery
[           resources] Started resource qb-jewelery
[           resources] Started resource qb-keyminigame
[    c-scripting-core] Creating script environments for qb-lapraces
[           resources] Started resource qb-lapraces
[    c-scripting-core] Creating script environments for qb-management
[           resources] Started resource qb-management
[    c-scripting-core] Creating script environments for qb-mechanicjob
[           resources] Started resource qb-mechanicjob
[           resources] Started resource qb-menu
[    c-scripting-core] Creating script environments for qb-spawn
[           resources] Started resource qb-spawn
[    c-scripting-core] Creating script environments for qb-multicharacter
[           resources] Started resource qb-multicharacter
[    c-scripting-core] [93mCreating script environments for qb-newsjob
[           resources] Started resource qb-newsjob
[    c-scripting-core] Creating script environments for qb-pawnshop
[           resources] Started resource qb-pawnshop
[    c-scripting-core] Creating script environments for qb-phone
[           resources] Started resource qb-phone
[    c-scripting-core] Creating script environments for qb-policejob
[           resources] Started resource qb-policejob
[    c-scripting-core] Creating script environments for qb-prison
[           resources] Started resource qb-prison
[    c-scripting-core] Creating script environments for qb-radialmenu
[           resources] Started resource qb-radialmenu
[    c-scripting-core] [93mCreating script environments for qb-recyclejob
[           resources] [93mStarted resource qb-recyclejob
[    c-scripting-core] Creating script environments for qb-scoreboard
[           resources] Started resource qb-scoreboard
[    c-scripting-core] Creating script environments for qb-scrapyard
[           resources] Started resource qb-scrapyard
[    c-scripting-core] Creating script environments for qb-shops
[           resources] Started resource qb-shops
[    c-scripting-core] Creating script environments for qb-smallresources
[           resources] [0mStarted resource qb-smallresources
[    c-scripting-core] Creating script environments for qb-storerobbery
[           resources] Started resource qb-storerobbery
[    c-scripting-core] [0mCreating script environments for qb-streetraces
[           resources] Started resource qb-streetraces
[           resources] Started resource qb-target
[    c-scripting-core] Creating script environments for qb-taxijob
[           resources] Started resource qb-taxijob
[    c-scripting-core] Creating script environments for qb-towjob
[           resources] Started resource qb-towjob
[    c-scripting-core] Creating script environments for qb-traphouse
[           resources] Started resource qb-traphouse
[    c-scripting-core] Creating script environments for qb-truckerjob
[           resources] Started resource qb-truckerjob
[    c-scripting-core] Creating script environments for qb-truckrobbery
[           resources] Started resource qb-truckrobbery
[    c-scripting-core] Creating script environments for qb-vehiclekeys
[           resources] Started resource qb-vehiclekeys
[    c-scripting-core] Creating script environments for qb-vehiclesales
[           resources] [93mStarted resource qb-vehiclesales
[    c-scripting-core] [0mCreating script environments for qb-vehicleshop
[           resources] Started resource qb-vehicleshop
[    c-scripting-core] [93mCreating script environments for qb-vineyard
[           resources] Started resource qb-vineyard
[    c-scripting-core] [93mCreating script environments for qb-weed
[           resources] Started resource qb-weed
[    c-scripting-core] Creating script environments for ps-buffs
[           resources] Started resource ps-buffs
[    c-scripting-core] Creating script environments for ps-hud
[           resources] Started resource ps-hud
[           resources] Started resource ps-pause
[    c-scripting-core] [93mCreating script environments for qb-enhancements
[           resources] Started resource qb-enhancements
[    c-scripting-core] Creating script environments for LegacyFuel
[           resources] Started resource LegacyFuel
[           resources] Started resource bob74_ipl
[    c-scripting-core] Creating script environments for connectqueue
[ script:connectqueue] [0mQUEUE:  [connectqueue] Disabling hardcap 
[           resources] Stopping resource hardcap
[           resources] Started resource connectqueue
[    c-scripting-core] Creating script environments for interact-sound
[           resources] Started resource interact-sound
[           resources] Started resource loading
[           resources] [0mStarted resource progressbar
[           resources] Started resource safecracker
[    c-scripting-core] Creating script environments for yarn
[           resources] Started resource yarn
[    c-scripting-core] Creating script environments for webpack
[           resources] Started resource webpack
[    c-scripting-core] Creating script environments for screenshot-basic
[           resources] Started resource screenshot-basic
[    c-scripting-core] [0mCreating script environments for pma-voice
[           resources] Started resource pma-voice
[    c-scripting-core] [0mCreating script environments for qb-radio
[           resources] Started resource qb-radio
[resources:AMBULANCE4] Asset AMBULANCE4/ambulance4.ytd uses 18.0 MiB of physical memory.
[           resources] Started resource AMBULANCE4 (1 warning)
[resources:AutoExotic] Asset AutoExotic/as_autoexotic_txt.ytd uses 22.5 MiB of physical memory.
[           resources] Started resource AutoExotic (1 warning)
[           resources] Started resource ForestsOfSA_N
[           resources] Started resource ForestsOfSA_S
[           resources] Started resource Forests_city
[resources:MLO_benzz_] Asset MLO_benzz_lamesa_traffic/benzz_lamesa_editable_textures.ytd uses 20.0 MiB of physical memory.
[           resources] Started resource MLO_benzz_lamesa_traffic (1 warning)
[resources:POLICE22:s] Asset POLICE22/police22.ytd uses 64.0 MiB of physical memory. Oversized assets can and WILL lead to streaming issues (such as models not loading/rendering).
[           resources] Started resource POLICE22 (1 warning)
[    c-scripting-core] Creating script environments for cfx-gabz-mapdata
[           resources] Started resource cfx-gabz-mapdata
[    c-scripting-core] Creating script environments for cfx-gabz-247
[           resources] Started resource cfx-gabz-247
[    c-scripting-core] Creating script environments for cfx-gabz-barber
[resources:cfx-gabz-b] Asset cfx-gabz-barber/gabz_barber_txd.ytd uses 31.0 MiB of physical memory.
[           resources] Started resource cfx-gabz-barber (1 warning)
[    c-scripting-core] Creating script environments for cfx-gabz-bennys
[resources:cfx-gabz-b] Asset cfx-gabz-bennys/gabz_bennys_images_txd.ytd uses 20.0 MiB of physical memory.
[resources:cfx-gabz-b] Asset cfx-gabz-bennys/gabz_bennys_txd.ytd uses 25.5 MiB of physical memory.
[           resources] Started resource cfx-gabz-bennys (2 warnings)
[    c-scripting-core] Creating script environments for cfx-gabz-pdprops
[resources:cfx-gabz-p] Asset cfx-gabz-pdprops/gabz_pdprops01_txd.ytd uses 27.5 MiB of physical memory.
[           resources] Started resource cfx-gabz-pdprops (1 warning)
[    c-scripting-core] Creating script environments for cfx-gabz-davispd
[resources:cfx-gabz-d] Asset cfx-gabz-davispd/gabz_davispd_txd.ytd uses 18.0 MiB of physical memory.
[           resources] Started resource cfx-gabz-davispd (1 warning)
[    c-scripting-core] Creating script environments for cfx-gabz-mrpd
[resources:cfx-gabz-m] Asset cfx-gabz-mrpd/gabz_mrpd_txd.ytd uses 35.0 MiB of physical memory.
[           resources] Started resource cfx-gabz-mrpd (1 warning)
[    c-scripting-core] Creating script environments for cfx-gabz-ponsonbys
[           resources] Started resource cfx-gabz-ponsonbys
[    c-scripting-core] Creating script environments for cfx-gabz-prison
[resources:cfx-gabz-p] Asset cfx-gabz-prison/sanhje_prison_txd.ytd uses 17.2 MiB of physical memory.
[           resources] Started resource cfx-gabz-prison (1 warning)
[    c-scripting-core] Creating script environments for cfx-gabz-suburban
[           resources] Started resource cfx-gabz-suburban
[    c-scripting-core] Creating script environments for cfx-gabz-tattoo
[           resources] Started resource cfx-gabz-tattoo
[resources:cfx-santos] Warning: could not find file `stream/*/**` (defined in fxmanifest.lua:6)
[resources:cfx-santos] Warning: could not find file `stream/*/*/**` (defined in fxmanifest.lua:6)
[resources:cfx-santos] Warning: could not find file `stream/*/*/*/**` (defined in fxmanifest.lua:6)
[resources:cfx-santos] Asset cfx-santos/bs_int_txd.ytd uses 18.8 MiB of physical memory.
[resources:cfx-santos] Asset cfx-santos/weazel_txd.ytd uses 27.5 MiB of physical memory.
[           resources] Started resource cfx-santos (5 warnings)
[           resources] Started resource dealer_map
[resources:emsairheli] Warning: could not find file `common/*.meta` (defined in fxmanifest.lua:3)
[resources:emsairheli] Asset emsairheli/supervolito.ytd uses 44.0 MiB of physical memory.
[           resources] Started resource emsairheli (2 warnings)
[           resources] Started resource emsminipack
[           resources] Started resource farmhouse
[           resources] Started resource farmhousebarn
[resources:gas_statio] Asset gas_station/chuz_is_gas_txd.ytd uses 27.0 MiB of physical memory.
[           resources] Started resource gas_station (1 warning)
[           resources] Started resource map
[resources:map4all-pi] Warning: could not find file `stream/basemap/ymt/pillbox_hill.ymt` (defined in fxmanifest.lua:16)
[resources:map4all-pi] Warning: could not find file `stream/basemap/ymt/downtown.ymt` (defined in fxmanifest.lua:25)
[resources:map4all-pi] Asset map4all-pillbox/hedwig_pillbox_props_txd.ytd uses 30.5 MiB of physical memory.
[           resources] Started resource map4all-pillbox (3 warnings)
[resources:map4all-ss] Asset map4all-ss-hospital-compatible/map4all_sh_txd.ytd uses 37.0 MiB of physical memory.
[           resources] Started resource map4all-ss-hospital-compatible (1 warning)
[resources:map4all-ss] Warning: could not find file `stream/*/**` (defined in fxmanifest.lua:6)
[resources:map4all-ss] Warning: could not find file `stream/*/*/**` (defined in fxmanifest.lua:6)
[resources:map4all-ss] Warning: could not find file `stream/*/*/*/**` (defined in fxmanifest.lua:6)
[resources:map4all-ss] Warning: could not find file `interiorproxies.meta` (defined in fxmanifest.lua:6)
[resources:map4all-ss] Asset map4all-ss-sheriff-compatible/map4all_ss_sheriff_int.ytd uses 19.8 MiB of physical memory.
[           resources] Started resource map4all-ss-sheriff-compatible (5 warnings)
[           resources] Started resource room%20apartamento
[resources:safetycara] Asset safetycara/safeteam.ytd uses 32.0 MiB of physical memory.
[           resources] Started resource safetycara (1 warning)
[           resources] Started resource santos-containers
[           resources] Started resource santos-digitalden
[resources:santos_pol] Warning: could not find file `data/**/*.xml` (defined in fxmanifest.lua:4)
[resources:santos_pol] Warning: could not find file `data/**/*.dat` (defined in fxmanifest.lua:4)
[resources:santos_pol] Warning: could not find file `data/**/*.ytyp` (defined in fxmanifest.lua:4)
[           resources] Started resource santos_police (3 warnings)
[           resources] Started resource santos_vehicle_config
[resources:undergroun] Asset undergroundmech/patoche_mecaille_det19.ydr uses 17.0 MiB of physical memory.
[           resources] Started resource undergroundmech (1 warning)
[   script:mapmanager] Started map fivem-map-hipster
[           resources] Started resource fivem-map-hipster
[      script:oxmysql] [10.4.27-MariaDB] Database server connection established!
[ citizen-server-impl]         fff                          
[ citizen-server-impl]   cccc ff   xx  xx     rr rr    eee  
[ citizen-server-impl] cc     ffff   xx       rrr  r ee   e 
[ citizen-server-impl] cc     ff     xx   ... rr     eeeee  
[ citizen-server-impl]  ccccc ff   xx  xx ... rr      eeeee 
[38;5;73m[ citizen-server-impl]                                      
[ citizen-server-impl] Authenticated with cfx.re Nucleus: https://santos-city-94743y.users.cfx.re/
> txaReportResources
[      script:monitor] [txAdmin] Sending resources list to txAdmin.
